<?xml version="1.0" encoding="UTF-8"?>
<!-- Generated by org.testng.reporters.JUnitReportReporter -->
<testsuite hostname="Karim" failures="0" tests="1" name="testsCases.ExecuteTestZaleniumFirefox1" time="20.455" errors="0" timestamp="9 Oct 2022 20:34:32 GMT">
  <testcase classname="testsCases.ExecuteTestZaleniumFirefox1" name="test1" time="20.455"/>
</testsuite> <!-- testsCases.ExecuteTestZaleniumFirefox1 -->
