<?xml version="1.0" encoding="UTF-8"?>
<!-- Generated by org.testng.reporters.JUnitReportReporter -->
<testsuite hostname="Karim" failures="0" tests="1" name="testsCases.ExecuteTestZaleniumFirefox2" time="15.498" errors="0" timestamp="9 Oct 2022 20:34:32 GMT">
  <testcase classname="testsCases.ExecuteTestZaleniumFirefox2" name="test2" time="15.498"/>
</testsuite> <!-- testsCases.ExecuteTestZaleniumFirefox2 -->
